Results of NGD DRC are available in TinyFPGA_A2_drc.log.
Loading NGL library 'C:/lscc/diamond/3.12/ispfpga/xo2c00a/data/xo2alib.ngl'...
Loading NGL library 'C:/lscc/diamond/3.12/ispfpga/xo2c00/data/xo2clib.ngl'...
Loading NGL library 'C:/lscc/diamond/3.12/ispfpga/mg5g00/data/mg5glib.ngl'...
Loading NGL library 'C:/lscc/diamond/3.12/ispfpga/or5g00/data/orc5glib.ngl'...
Loading NGL library 'C:/lscc/diamond/3.12/ispfpga/data/neoprims.ngl'...
Loading NGL library 'C:/lscc/diamond/3.12/ispfpga/data/neomacro.ngl'...
Loading NGO design 'lngotmp/pmi_distributed_dpramxbnoner2248b8a5a7.ngo'...
Loading NGO design 'lngotmp/pmi_ram_dpxbnonesadr324163241611884d26.ngo'...
Logic has been added to the IP to support JTAG capability.
Loading NGO design 'C:/lscc/diamond/3.12/ispfpga/xo2c00/data/xo2chub.ngl'...


Running DRC...

WARNING - synthesis: logical net 'TinyFPGA_A2_reveal_coretop_instance/jupdate[0]' has no load.
WARNING - synthesis: logical net 'xo2chub/tdoa' has no load.
WARNING - synthesis: logical net 'xo2chub/cdn' has no load.
WARNING - synthesis: logical net 'xo2chub/ip_enable[15]' has no load.
WARNING - synthesis: logical net 'xo2chub/genblk7.un1_jtagf_u' has no load.
WARNING - synthesis: logical net 'xo2chub/genblk7.un1_jtagf_u_1' has no load.
WARNING - synthesis: DRC complete with 6 warnings.

Design Results:
   1365 blocks expanded
completed the first expansion
All blocks are expanded and NGD expansion is successful.
Writing NGD file POP_timer_POP_timers_AX2.ngd.
